2023-05-23 00:05:212 INFO  HomePage :80 - Clicking on admin tab : [[ChromeDriver: chrome on WINDOWS (4966ec038ba516561ed4a871bb7b5bee)] -> xpath: //li[1]//a[1]//span[1]]
2023-05-23 00:05:440 INFO  ViewSystemUserUsersPage :83 - Getting system users text : [[ChromeDriver: chrome on WINDOWS (4966ec038ba516561ed4a871bb7b5bee)] -> xpath: //h5[normalize-space()='System Users']]
2023-05-23 00:05:209 INFO  HomePage :80 - Clicking on admin tab : [[ChromeDriver: chrome on WINDOWS (4976added8eb303d3fb4121298c1929f)] -> xpath: //li[1]//a[1]//span[1]]
2023-05-23 00:05:534 INFO  ViewSystemUserUsersPage :83 - Getting system users text : [[ChromeDriver: chrome on WINDOWS (4976added8eb303d3fb4121298c1929f)] -> xpath: //h5[normalize-space()='System Users']]
2023-05-23 00:05:556 INFO  HomePage :80 - Clicking on admin tab : [[ChromeDriver: chrome on WINDOWS (ec53bc4e4f5235f77e8dc195574fc09e)] -> xpath: //li[1]//a[1]//span[1]]
2023-05-23 00:05:36 INFO  ViewSystemUserUsersPage :83 - Getting system users text : [[ChromeDriver: chrome on WINDOWS (ec53bc4e4f5235f77e8dc195574fc09e)] -> xpath: //h5[normalize-space()='System Users']]
2023-05-23 00:05:617 INFO  ViewSystemUserUsersPage :125 - Clicking on add button : [[ChromeDriver: chrome on WINDOWS (ec53bc4e4f5235f77e8dc195574fc09e)] -> xpath: //button[normalize-space()='Add']]
2023-05-23 00:05:359 INFO  HomePage :80 - Clicking on admin tab : [[ChromeDriver: chrome on WINDOWS (b0987120d17e0d662191b5f032931697)] -> xpath: //li[1]//a[1]//span[1]]
2023-05-23 00:05:711 INFO  ViewSystemUserUsersPage :83 - Getting system users text : [[ChromeDriver: chrome on WINDOWS (b0987120d17e0d662191b5f032931697)] -> xpath: //h5[normalize-space()='System Users']]
2023-05-23 00:05:120 INFO  ViewSystemUserUsersPage :125 - Clicking on add button : [[ChromeDriver: chrome on WINDOWS (b0987120d17e0d662191b5f032931697)] -> xpath: //button[normalize-space()='Add']]
2023-05-23 01:05:939 INFO  HomePage :61 - Getting Dashboard text : [[ChromeDriver: chrome on WINDOWS (59e6a253e52c36db3d49ab0c41539246)] -> xpath: //h6[normalize-space()='Dashboard']]
2023-05-23 01:05:793 INFO  HomePage :68 - Clicking on profile logo dropdown : [[ChromeDriver: chrome on WINDOWS (c4f7ddb60bafc14572085c597154e7b4)] -> xpath: //i[@class='oxd-icon bi-caret-down-fill oxd-userdropdown-icon']]
2023-05-23 01:05:960 INFO  HomePage :74 - Mouse hovering and clicking on logout link : [[ChromeDriver: chrome on WINDOWS (c4f7ddb60bafc14572085c597154e7b4)] -> xpath: //a[normalize-space()='Logout']]
2023-05-23 01:05:363 INFO  HomePage :68 - Clicking on profile logo dropdown : [[ChromeDriver: chrome on WINDOWS (1b1facc5a892bc6df99c60f8ec34a89b)] -> xpath: //p[@class='oxd-userdropdown-name']]
2023-05-23 01:05:145 INFO  HomePage :74 - Mouse hovering and clicking on logout link : [[ChromeDriver: chrome on WINDOWS (1b1facc5a892bc6df99c60f8ec34a89b)] -> xpath: //a[normalize-space()='Logout']]
2023-05-23 01:05:71 INFO  HomePage :68 - Clicking on profile logo dropdown : [[ChromeDriver: chrome on WINDOWS (b2190e22556d529e37e6f9c8fb58f9d9)] -> xpath: //p[@class='oxd-userdropdown-name']]
2023-05-23 01:05:10 INFO  HomePage :74 - Mouse hovering and clicking on logout link : [[ChromeDriver: chrome on WINDOWS (b2190e22556d529e37e6f9c8fb58f9d9)] -> xpath: //a[contains(text(),'Logout')]]
2023-05-23 01:05:09 INFO  HomePage :68 - Clicking on profile logo dropdown : [[ChromeDriver: chrome on WINDOWS (cc087e548ca9febaba391f47c313150a)] -> xpath: //p[@class='oxd-userdropdown-name']]
2023-05-23 01:05:167 INFO  HomePage :74 - Mouse hovering and clicking on logout link : [[ChromeDriver: chrome on WINDOWS (cc087e548ca9febaba391f47c313150a)] -> xpath: //a[contains(text(),'Logout')]]
2023-05-23 01:05:76 INFO  HomePage :68 - Clicking on profile logo dropdown : [[ChromeDriver: chrome on WINDOWS (3b25413605a79191e8c56d9cabbd5ad2)] -> xpath: //p[@class='oxd-userdropdown-name']]
2023-05-23 01:05:56 INFO  HomePage :74 - Mouse hovering and clicking on logout link : [[ChromeDriver: chrome on WINDOWS (3b25413605a79191e8c56d9cabbd5ad2)] -> xpath: //a[contains(text(),'Logout')]]
2023-05-23 01:05:914 INFO  HomePage :68 - Clicking on profile logo dropdown : [[ChromeDriver: chrome on WINDOWS (2d7c5c9e435b007a13fe5ab6a12a2e49)] -> xpath: //p[@class='oxd-userdropdown-name']]
2023-05-23 01:05:557 INFO  HomePage :75 - Mouse hovering and clicking on logout link : [[ChromeDriver: chrome on WINDOWS (2d7c5c9e435b007a13fe5ab6a12a2e49)] -> xpath: //a[contains(text(),'Logout')]]
2023-05-23 01:05:838 INFO  HomePage :81 - Clicking on admin tab : [[ChromeDriver: chrome on WINDOWS (1110468365a4402c305c23590664e3fc)] -> xpath: //li[1]//a[1]//span[1]]
2023-05-23 01:05:228 INFO  ViewSystemUserUsersPage :83 - Getting system users text : [[ChromeDriver: chrome on WINDOWS (1110468365a4402c305c23590664e3fc)] -> xpath: //h5[normalize-space()='System Users']]
2023-05-23 01:05:786 INFO  ViewSystemUserUsersPage :125 - Clicking on add button : [[ChromeDriver: chrome on WINDOWS (1110468365a4402c305c23590664e3fc)] -> xpath: //button[normalize-space()='Add']]
2023-05-23 01:05:615 INFO  HomePage :61 - Getting Dashboard text : [[ChromeDriver: chrome on WINDOWS (5e10f710e047e9a6c440b07a94733477)] -> xpath: //h6[normalize-space()='Dashboard']]
2023-05-23 01:05:512 INFO  HomePage :81 - Clicking on admin tab : [[ChromeDriver: chrome on WINDOWS (b3d4ff2819a85f36b78f9cf8b0921677)] -> xpath: //li[1]//a[1]//span[1]]
2023-05-23 01:05:07 INFO  ViewSystemUserUsersPage :83 - Getting system users text : [[ChromeDriver: chrome on WINDOWS (b3d4ff2819a85f36b78f9cf8b0921677)] -> xpath: //h5[normalize-space()='System Users']]
2023-05-23 01:05:542 INFO  ViewSystemUserUsersPage :125 - Clicking on add button : [[ChromeDriver: chrome on WINDOWS (b3d4ff2819a85f36b78f9cf8b0921677)] -> xpath: //button[normalize-space()='Add']]
2023-05-23 01:05:823 INFO  HomePage :81 - Clicking on admin tab : [[ChromeDriver: chrome on WINDOWS (a011de376bc508e5939b388013ca26d2)] -> xpath: //li[1]//a[1]//span[1]]
2023-05-23 01:05:62 INFO  ViewSystemUserUsersPage :83 - Getting system users text : [[ChromeDriver: chrome on WINDOWS (a011de376bc508e5939b388013ca26d2)] -> xpath: //h5[normalize-space()='System Users']]
2023-05-23 01:05:486 INFO  ViewSystemUserUsersPage :125 - Clicking on add button : [[ChromeDriver: chrome on WINDOWS (a011de376bc508e5939b388013ca26d2)] -> xpath: //button[normalize-space()='Add']]
2023-05-23 01:05:386 INFO  HomePage :81 - Clicking on admin tab : [[ChromeDriver: chrome on WINDOWS (030ceb70d5cdad7ca17d274eb0d40b89)] -> xpath: //li[1]//a[1]//span[1]]
2023-05-23 01:05:612 INFO  ViewSystemUserUsersPage :83 - Getting system users text : [[ChromeDriver: chrome on WINDOWS (030ceb70d5cdad7ca17d274eb0d40b89)] -> xpath: //h5[normalize-space()='System Users']]
2023-05-23 01:05:101 INFO  ViewSystemUserUsersPage :125 - Clicking on add button : [[ChromeDriver: chrome on WINDOWS (030ceb70d5cdad7ca17d274eb0d40b89)] -> xpath: //button[normalize-space()='Add']]
2023-05-23 01:05:355 INFO  HomePage :81 - Clicking on admin tab : [[ChromeDriver: chrome on WINDOWS (0b41304a7093c8e0c22b30d6937d965f)] -> xpath: //li[1]//a[1]//span[1]]
2023-05-23 01:05:644 INFO  ViewSystemUserUsersPage :83 - Getting system users text : [[ChromeDriver: chrome on WINDOWS (0b41304a7093c8e0c22b30d6937d965f)] -> xpath: //h5[normalize-space()='System Users']]
2023-05-23 01:05:62 INFO  ViewSystemUserUsersPage :125 - Clicking on add button : [[ChromeDriver: chrome on WINDOWS (0b41304a7093c8e0c22b30d6937d965f)] -> xpath: //button[normalize-space()='Add']]
2023-05-23 01:05:225 INFO  HomePage :81 - Clicking on admin tab : [[ChromeDriver: chrome on WINDOWS (e4093b6ebc149dfa6cff29449b8071af)] -> xpath: //li[1]//a[1]//span[1]]
2023-05-23 01:05:497 INFO  ViewSystemUserUsersPage :83 - Getting system users text : [[ChromeDriver: chrome on WINDOWS (e4093b6ebc149dfa6cff29449b8071af)] -> xpath: //h5[normalize-space()='System Users']]
2023-05-23 01:05:04 INFO  ViewSystemUserUsersPage :125 - Clicking on add button : [[ChromeDriver: chrome on WINDOWS (e4093b6ebc149dfa6cff29449b8071af)] -> xpath: //button[normalize-space()='Add']]
2023-05-23 11:05:241 INFO  HomePage :81 - Clicking on admin tab : [[ChromeDriver: chrome on WINDOWS (bf0da1c106ac6e0344d4b50744f1a8fc)] -> xpath: //li[1]//a[1]//span[1]]
2023-05-23 11:05:734 INFO  ViewSystemUserUsersPage :90 - Getting system users text : [[ChromeDriver: chrome on WINDOWS (bf0da1c106ac6e0344d4b50744f1a8fc)] -> xpath: //h5[normalize-space()='System Users']]
2023-05-23 11:05:138 INFO  ViewSystemUserUsersPage :133 - Clicking on add button : [[ChromeDriver: chrome on WINDOWS (bf0da1c106ac6e0344d4b50744f1a8fc)] -> xpath: //button[normalize-space()='Add']]
2023-05-23 11:05:327 INFO  HomePage :81 - Clicking on admin tab : [[ChromeDriver: chrome on WINDOWS (3a46453a72a987da7294754d27aa363c)] -> xpath: //li[1]//a[1]//span[1]]
2023-05-23 11:05:605 INFO  ViewSystemUserUsersPage :90 - Getting system users text : [[ChromeDriver: chrome on WINDOWS (3a46453a72a987da7294754d27aa363c)] -> xpath: //h5[normalize-space()='System Users']]
2023-05-23 11:05:24 INFO  ViewSystemUserUsersPage :133 - Clicking on add button : [[ChromeDriver: chrome on WINDOWS (3a46453a72a987da7294754d27aa363c)] -> xpath: //button[normalize-space()='Add']]
2023-05-23 11:05:90 INFO  HomePage :81 - Clicking on admin tab : [[ChromeDriver: chrome on WINDOWS (38ed71423b9bfd6765e7356340686cb6)] -> xpath: //li[1]//a[1]//span[1]]
2023-05-23 11:05:357 INFO  ViewSystemUserUsersPage :90 - Getting system users text : [[ChromeDriver: chrome on WINDOWS (38ed71423b9bfd6765e7356340686cb6)] -> xpath: //h5[normalize-space()='System Users']]
2023-05-23 11:05:656 INFO  HomePage :81 - Clicking on admin tab : [[ChromeDriver: chrome on WINDOWS (f21068665d64b02214536a7b5f03afea)] -> xpath: //li[1]//a[1]//span[1]]
2023-05-23 11:05:932 INFO  ViewSystemUserUsersPage :90 - Getting system users text : [[ChromeDriver: chrome on WINDOWS (f21068665d64b02214536a7b5f03afea)] -> xpath: //h5[normalize-space()='System Users']]
2023-05-23 11:05:832 INFO  HomePage :81 - Clicking on admin tab : [[ChromeDriver: chrome on WINDOWS (26c4430df66f535817d20c4db0373eab)] -> xpath: //li[1]//a[1]//span[1]]
2023-05-23 11:05:88 INFO  ViewSystemUserUsersPage :90 - Getting system users text : [[ChromeDriver: chrome on WINDOWS (26c4430df66f535817d20c4db0373eab)] -> xpath: //h5[normalize-space()='System Users']]
2023-05-23 11:05:228 INFO  ViewSystemUserUsersPage :97 - Entering username : [[ChromeDriver: chrome on WINDOWS (26c4430df66f535817d20c4db0373eab)] -> xpath: //div[@class='oxd-input-group oxd-input-field-bottom-space']//div//input[@class='oxd-input oxd-input--active']]
2023-05-23 11:05:398 INFO  ViewSystemUserUsersPage :104 - Clicking on user roll dropdown : [[ChromeDriver: chrome on WINDOWS (26c4430df66f535817d20c4db0373eab)] -> xpath: (//div[@class='oxd-select-text-input'][text()='-- Select --'])[1]]
2023-05-23 11:05:484 INFO  HomePage :81 - Clicking on admin tab : [[ChromeDriver: chrome on WINDOWS (232d8ced0c00bbb7d7b42b7e24d2d89b)] -> xpath: //li[1]//a[1]//span[1]]
2023-05-23 11:05:729 INFO  ViewSystemUserUsersPage :93 - Getting system users text : [[ChromeDriver: chrome on WINDOWS (232d8ced0c00bbb7d7b42b7e24d2d89b)] -> xpath: //h5[normalize-space()='System Users']]
2023-05-23 11:05:857 INFO  ViewSystemUserUsersPage :100 - Entering username : [[ChromeDriver: chrome on WINDOWS (232d8ced0c00bbb7d7b42b7e24d2d89b)] -> xpath: //div[@class='oxd-input-group oxd-input-field-bottom-space']//div//input[@class='oxd-input oxd-input--active']]
2023-05-23 11:05:964 INFO  ViewSystemUserUsersPage :107 - Clicking on user roll dropdown : [[ChromeDriver: chrome on WINDOWS (232d8ced0c00bbb7d7b42b7e24d2d89b)] -> xpath: (//div[@class='oxd-select-text-input'][text()='-- Select --'])[1]]
2023-05-23 11:05:83 INFO  HomePage :81 - Clicking on admin tab : [[ChromeDriver: chrome on WINDOWS (da83ae265d509ab5553ec4ed75fad73e)] -> xpath: //li[1]//a[1]//span[1]]
2023-05-23 11:05:371 INFO  ViewSystemUserUsersPage :93 - Getting system users text : [[ChromeDriver: chrome on WINDOWS (da83ae265d509ab5553ec4ed75fad73e)] -> xpath: //h5[normalize-space()='System Users']]
2023-05-23 11:05:484 INFO  ViewSystemUserUsersPage :100 - Entering username : [[ChromeDriver: chrome on WINDOWS (da83ae265d509ab5553ec4ed75fad73e)] -> xpath: //div[@class='oxd-input-group oxd-input-field-bottom-space']//div//input[@class='oxd-input oxd-input--active']]
2023-05-23 11:05:637 INFO  ViewSystemUserUsersPage :107 - Clicking on user roll dropdown : [[ChromeDriver: chrome on WINDOWS (da83ae265d509ab5553ec4ed75fad73e)] -> xpath: (//div[@class='oxd-select-text-input'][text()='-- Select --'])[1]]
2023-05-23 11:05:928 INFO  HomePage :81 - Clicking on admin tab : [[ChromeDriver: chrome on WINDOWS (97af065bc012fa4f4f140e8eb3e94579)] -> xpath: //li[1]//a[1]//span[1]]
2023-05-23 11:05:258 INFO  ViewSystemUserUsersPage :93 - Getting system users text : [[ChromeDriver: chrome on WINDOWS (97af065bc012fa4f4f140e8eb3e94579)] -> xpath: //h5[normalize-space()='System Users']]
2023-05-23 11:05:785 INFO  HomePage :81 - Clicking on admin tab : [[ChromeDriver: chrome on WINDOWS (97af065bc012fa4f4f140e8eb3e94579)] -> xpath: //li[1]//a[1]//span[1]]
2023-05-23 11:05:15 INFO  ViewSystemUserUsersPage :93 - Getting system users text : [[ChromeDriver: chrome on WINDOWS (97af065bc012fa4f4f140e8eb3e94579)] -> xpath: //h5[normalize-space()='System Users']]
2023-05-23 11:05:154 INFO  ViewSystemUserUsersPage :100 - Entering username : [[ChromeDriver: chrome on WINDOWS (97af065bc012fa4f4f140e8eb3e94579)] -> xpath: //div[@class='oxd-input-group oxd-input-field-bottom-space']//div//input[@class='oxd-input oxd-input--active']]
2023-05-23 11:05:627 INFO  HomePage :81 - Clicking on admin tab : [[ChromeDriver: chrome on WINDOWS (9c1e87a904d9e8c0ba38134e7f0bf837)] -> xpath: //li[1]//a[1]//span[1]]
2023-05-23 11:05:877 INFO  ViewSystemUserUsersPage :93 - Getting system users text : [[ChromeDriver: chrome on WINDOWS (9c1e87a904d9e8c0ba38134e7f0bf837)] -> xpath: //h5[normalize-space()='System Users']]
2023-05-23 11:05:445 INFO  HomePage :81 - Clicking on admin tab : [[ChromeDriver: chrome on WINDOWS (9c1e87a904d9e8c0ba38134e7f0bf837)] -> xpath: //li[1]//a[1]//span[1]]
2023-05-23 11:05:644 INFO  ViewSystemUserUsersPage :93 - Getting system users text : [[ChromeDriver: chrome on WINDOWS (9c1e87a904d9e8c0ba38134e7f0bf837)] -> xpath: //h5[normalize-space()='System Users']]
2023-05-23 11:05:777 INFO  ViewSystemUserUsersPage :100 - Entering username : [[ChromeDriver: chrome on WINDOWS (9c1e87a904d9e8c0ba38134e7f0bf837)] -> xpath: //div[@class='oxd-input-group oxd-input-field-bottom-space']//div//input[@class='oxd-input oxd-input--active']]
2023-05-23 11:05:933 INFO  ViewSystemUserUsersPage :107 - Clicking on user roll dropdown : [[ChromeDriver: chrome on WINDOWS (9c1e87a904d9e8c0ba38134e7f0bf837)] -> xpath: (//div[@class='oxd-select-text-input'][text()='-- Select --'])[1]]
2023-05-23 11:05:126 INFO  HomePage :81 - Clicking on admin tab : [[ChromeDriver: chrome on WINDOWS (babfec76f1dc9c5a57cab112bce3da12)] -> xpath: //li[1]//a[1]//span[1]]
2023-05-23 11:05:354 INFO  ViewSystemUserUsersPage :93 - Getting system users text : [[ChromeDriver: chrome on WINDOWS (babfec76f1dc9c5a57cab112bce3da12)] -> xpath: //h5[normalize-space()='System Users']]
2023-05-23 11:05:924 INFO  HomePage :81 - Clicking on admin tab : [[ChromeDriver: chrome on WINDOWS (babfec76f1dc9c5a57cab112bce3da12)] -> xpath: //li[1]//a[1]//span[1]]
2023-05-23 11:05:135 INFO  ViewSystemUserUsersPage :93 - Getting system users text : [[ChromeDriver: chrome on WINDOWS (babfec76f1dc9c5a57cab112bce3da12)] -> xpath: //h5[normalize-space()='System Users']]
2023-05-23 11:05:268 INFO  ViewSystemUserUsersPage :100 - Entering username : [[ChromeDriver: chrome on WINDOWS (babfec76f1dc9c5a57cab112bce3da12)] -> xpath: //div[@class='oxd-input-group oxd-input-field-bottom-space']//div//input[@class='oxd-input oxd-input--active']]
2023-05-23 11:05:493 INFO  ViewSystemUserUsersPage :124 - Clicking on search button : [[ChromeDriver: chrome on WINDOWS (babfec76f1dc9c5a57cab112bce3da12)] -> xpath: //button[normalize-space()='Search']]
2023-05-23 12:05:848 INFO  HomePage :81 - Clicking on admin tab : [[ChromeDriver: chrome on WINDOWS (55976936db903eea97947640afc0124b)] -> xpath: //li[1]//a[1]//span[1]]
2023-05-23 12:05:135 INFO  ViewSystemUserUsersPage :98 - Getting system users text : [[ChromeDriver: chrome on WINDOWS (55976936db903eea97947640afc0124b)] -> xpath: //h5[normalize-space()='System Users']]
2023-05-23 12:05:740 INFO  HomePage :81 - Clicking on admin tab : [[ChromeDriver: chrome on WINDOWS (55976936db903eea97947640afc0124b)] -> xpath: //li[1]//a[1]//span[1]]
2023-05-23 12:05:958 INFO  ViewSystemUserUsersPage :98 - Getting system users text : [[ChromeDriver: chrome on WINDOWS (55976936db903eea97947640afc0124b)] -> xpath: //h5[normalize-space()='System Users']]
2023-05-23 12:05:84 INFO  ViewSystemUserUsersPage :105 - Entering username : [[ChromeDriver: chrome on WINDOWS (55976936db903eea97947640afc0124b)] -> xpath: //div[@class='oxd-input-group oxd-input-field-bottom-space']//div//input[@class='oxd-input oxd-input--active']]
2023-05-23 12:05:387 INFO  ViewSystemUserUsersPage :129 - Clicking on search button : [[ChromeDriver: chrome on WINDOWS (55976936db903eea97947640afc0124b)] -> xpath: //button[normalize-space()='Search']]
2023-05-23 12:05:23 INFO  HomePage :81 - Clicking on admin tab : [[ChromeDriver: chrome on WINDOWS (b88dc4fb77d7d5ac8cb8b975d869dd29)] -> xpath: //li[1]//a[1]//span[1]]
2023-05-23 12:05:401 INFO  ViewSystemUserUsersPage :98 - Getting system users text : [[ChromeDriver: chrome on WINDOWS (b88dc4fb77d7d5ac8cb8b975d869dd29)] -> xpath: //h5[normalize-space()='System Users']]
2023-05-23 12:05:297 INFO  HomePage :81 - Clicking on admin tab : [[ChromeDriver: chrome on WINDOWS (b88dc4fb77d7d5ac8cb8b975d869dd29)] -> xpath: //li[1]//a[1]//span[1]]
2023-05-23 12:05:525 INFO  ViewSystemUserUsersPage :98 - Getting system users text : [[ChromeDriver: chrome on WINDOWS (b88dc4fb77d7d5ac8cb8b975d869dd29)] -> xpath: //h5[normalize-space()='System Users']]
2023-05-23 12:05:671 INFO  ViewSystemUserUsersPage :105 - Entering username : [[ChromeDriver: chrome on WINDOWS (b88dc4fb77d7d5ac8cb8b975d869dd29)] -> xpath: //div[@class='oxd-input-group oxd-input-field-bottom-space']//div//input[@class='oxd-input oxd-input--active']]
2023-05-23 12:05:835 INFO  ViewSystemUserUsersPage :129 - Clicking on search button : [[ChromeDriver: chrome on WINDOWS (b88dc4fb77d7d5ac8cb8b975d869dd29)] -> xpath: //button[normalize-space()='Search']]
2023-05-23 12:05:442 INFO  HomePage :81 - Clicking on admin tab : [[ChromeDriver: chrome on WINDOWS (4235d74a1b5e1a63aba808b2e360fb3e)] -> xpath: //li[1]//a[1]//span[1]]
2023-05-23 12:05:672 INFO  ViewSystemUserUsersPage :98 - Getting system users text : [[ChromeDriver: chrome on WINDOWS (4235d74a1b5e1a63aba808b2e360fb3e)] -> xpath: //h5[normalize-space()='System Users']]
2023-05-23 12:05:249 INFO  HomePage :81 - Clicking on admin tab : [[ChromeDriver: chrome on WINDOWS (4235d74a1b5e1a63aba808b2e360fb3e)] -> xpath: //li[1]//a[1]//span[1]]
2023-05-23 12:05:548 INFO  ViewSystemUserUsersPage :98 - Getting system users text : [[ChromeDriver: chrome on WINDOWS (4235d74a1b5e1a63aba808b2e360fb3e)] -> xpath: //h5[normalize-space()='System Users']]
2023-05-23 12:05:707 INFO  ViewSystemUserUsersPage :105 - Entering username : [[ChromeDriver: chrome on WINDOWS (4235d74a1b5e1a63aba808b2e360fb3e)] -> xpath: //div[@class='oxd-input-group oxd-input-field-bottom-space']//div//input[@class='oxd-input oxd-input--active']]
2023-05-23 12:05:950 INFO  ViewSystemUserUsersPage :112 - Clicking on user roll dropdown : [[ChromeDriver: chrome on WINDOWS (4235d74a1b5e1a63aba808b2e360fb3e)] -> xpath: (//div[@class='oxd-select-text-input'][text()='-- Select --'])[1]]
2023-05-23 12:05:335 INFO  HomePage :81 - Clicking on admin tab : [[ChromeDriver: chrome on WINDOWS (de702d58a8ff74f8ca4b804b908ee94c)] -> xpath: //li[1]//a[1]//span[1]]
2023-05-23 12:05:659 INFO  ViewSystemUserUsersPage :98 - Getting system users text : [[ChromeDriver: chrome on WINDOWS (de702d58a8ff74f8ca4b804b908ee94c)] -> xpath: //h5[normalize-space()='System Users']]
2023-05-23 12:05:235 INFO  HomePage :81 - Clicking on admin tab : [[ChromeDriver: chrome on WINDOWS (de702d58a8ff74f8ca4b804b908ee94c)] -> xpath: //li[1]//a[1]//span[1]]
2023-05-23 12:05:436 INFO  ViewSystemUserUsersPage :98 - Getting system users text : [[ChromeDriver: chrome on WINDOWS (de702d58a8ff74f8ca4b804b908ee94c)] -> xpath: //h5[normalize-space()='System Users']]
2023-05-23 12:05:580 INFO  ViewSystemUserUsersPage :105 - Entering username : [[ChromeDriver: chrome on WINDOWS (de702d58a8ff74f8ca4b804b908ee94c)] -> xpath: //div[@class='oxd-input-group oxd-input-field-bottom-space']//div//input[@class='oxd-input oxd-input--active']]
2023-05-23 12:05:780 INFO  ViewSystemUserUsersPage :112 - Clicking on user roll dropdown : [[ChromeDriver: chrome on WINDOWS (de702d58a8ff74f8ca4b804b908ee94c)] -> xpath: (//div[@class='oxd-select-text-input'][text()='-- Select --'])[1]]
2023-05-23 12:05:193 INFO  ViewSystemUserUsersPage :129 - Clicking on search button : [[ChromeDriver: chrome on WINDOWS (de702d58a8ff74f8ca4b804b908ee94c)] -> xpath: //button[normalize-space()='Search']]
2023-05-23 12:05:958 INFO  HomePage :81 - Clicking on admin tab : [[ChromeDriver: chrome on WINDOWS (40d75850ec15fc7d89da11fb02ee24f7)] -> xpath: //li[1]//a[1]//span[1]]
2023-05-23 12:05:200 INFO  ViewSystemUserUsersPage :98 - Getting system users text : [[ChromeDriver: chrome on WINDOWS (40d75850ec15fc7d89da11fb02ee24f7)] -> xpath: //h5[normalize-space()='System Users']]
2023-05-23 12:05:591 INFO  ViewSystemUserUsersPage :141 - Clicking on add button : [[ChromeDriver: chrome on WINDOWS (40d75850ec15fc7d89da11fb02ee24f7)] -> xpath: //button[normalize-space()='Add']]
2023-05-23 12:05:12 INFO  HomePage :81 - Clicking on admin tab : [[ChromeDriver: chrome on WINDOWS (3b96cf585bfa34456e48706b1fb1d7df)] -> xpath: //li[1]//a[1]//span[1]]
2023-05-23 12:05:435 INFO  ViewSystemUserUsersPage :98 - Getting system users text : [[ChromeDriver: chrome on WINDOWS (3b96cf585bfa34456e48706b1fb1d7df)] -> xpath: //h5[normalize-space()='System Users']]
2023-05-23 12:05:861 INFO  ViewSystemUserUsersPage :141 - Clicking on add button : [[ChromeDriver: chrome on WINDOWS (3b96cf585bfa34456e48706b1fb1d7df)] -> xpath: //button[normalize-space()='Add']]
2023-05-23 12:05:575 INFO  AddUserPage :93 - Entering username : [[ChromeDriver: chrome on WINDOWS (3b96cf585bfa34456e48706b1fb1d7df)] -> xpath: (//input[@class='oxd-input oxd-input--active'])[2]]
2023-05-23 12:05:632 INFO  AddUserPage :101 - Entering password : [[ChromeDriver: chrome on WINDOWS (3b96cf585bfa34456e48706b1fb1d7df)] -> xpath: //div[@class='oxd-grid-item oxd-grid-item--gutters user-password-cell']//div[@class='oxd-input-group oxd-input-field-bottom-space']//div//input[@type='password']]
2023-05-23 12:05:736 INFO  AddUserPage :107 - Entering confirm password : [[ChromeDriver: chrome on WINDOWS (3b96cf585bfa34456e48706b1fb1d7df)] -> xpath: //div[@class='oxd-grid-item oxd-grid-item--gutters']//div[@class='oxd-input-group oxd-input-field-bottom-space']//div//input[@type='password']]
2023-05-23 12:05:787 INFO  AddUserPage :113 - Clicking on save button : [[ChromeDriver: chrome on WINDOWS (3b96cf585bfa34456e48706b1fb1d7df)] -> xpath: //button[normalize-space()='Save']]
2023-05-23 12:05:383 INFO  HomePage :81 - Clicking on admin tab : [[ChromeDriver: chrome on WINDOWS (eee759588304b7119408db2463a7880f)] -> xpath: //li[1]//a[1]//span[1]]
2023-05-23 12:05:717 INFO  ViewSystemUserUsersPage :98 - Getting system users text : [[ChromeDriver: chrome on WINDOWS (eee759588304b7119408db2463a7880f)] -> xpath: //h5[normalize-space()='System Users']]
2023-05-23 12:05:124 INFO  ViewSystemUserUsersPage :141 - Clicking on add button : [[ChromeDriver: chrome on WINDOWS (eee759588304b7119408db2463a7880f)] -> xpath: //button[normalize-space()='Add']]
2023-05-23 12:05:888 INFO  AddUserPage :93 - Entering username : [[ChromeDriver: chrome on WINDOWS (eee759588304b7119408db2463a7880f)] -> xpath: (//input[@class='oxd-input oxd-input--active'])[2]]
2023-05-23 12:05:947 INFO  AddUserPage :101 - Entering password : [[ChromeDriver: chrome on WINDOWS (eee759588304b7119408db2463a7880f)] -> xpath: //div[@class='oxd-grid-item oxd-grid-item--gutters user-password-cell']//div[@class='oxd-input-group oxd-input-field-bottom-space']//div//input[@type='password']]
2023-05-23 12:05:43 INFO  AddUserPage :107 - Entering confirm password : [[ChromeDriver: chrome on WINDOWS (eee759588304b7119408db2463a7880f)] -> xpath: //div[@class='oxd-grid-item oxd-grid-item--gutters']//div[@class='oxd-input-group oxd-input-field-bottom-space']//div//input[@type='password']]
2023-05-23 12:05:94 INFO  AddUserPage :113 - Clicking on save button : [[ChromeDriver: chrome on WINDOWS (eee759588304b7119408db2463a7880f)] -> xpath: //button[normalize-space()='Save']]
2023-05-23 12:05:393 INFO  HomePage :81 - Clicking on admin tab : [[ChromeDriver: chrome on WINDOWS (0e761375382d99db0c6765f6e06556e9)] -> xpath: //li[1]//a[1]//span[1]]
2023-05-23 12:05:991 INFO  ViewSystemUserUsersPage :98 - Getting system users text : [[ChromeDriver: chrome on WINDOWS (0e761375382d99db0c6765f6e06556e9)] -> xpath: //h5[normalize-space()='System Users']]
2023-05-23 12:05:116 INFO  ViewSystemUserUsersPage :105 - Entering username : [[ChromeDriver: chrome on WINDOWS (0e761375382d99db0c6765f6e06556e9)] -> xpath: (//input[@class='oxd-input oxd-input--active'])[2]]
2023-05-23 12:05:236 INFO  ViewSystemUserUsersPage :112 - Clicking on user roll dropdown : [[ChromeDriver: chrome on WINDOWS (0e761375382d99db0c6765f6e06556e9)] -> xpath: (//div[@class='oxd-select-text-input'][text()='-- Select --'])[1]]
2023-05-23 12:05:582 INFO  ViewSystemUserUsersPage :129 - Clicking on search button : [[ChromeDriver: chrome on WINDOWS (0e761375382d99db0c6765f6e06556e9)] -> xpath: //button[normalize-space()='Search']]
2023-05-23 12:05:866 INFO  HomePage :81 - Clicking on admin tab : [[ChromeDriver: chrome on WINDOWS (31d98962f990f5f49e511033793e2d65)] -> xpath: //li[1]//a[1]//span[1]]
2023-05-23 12:05:389 INFO  ViewSystemUserUsersPage :98 - Getting system users text : [[ChromeDriver: chrome on WINDOWS (31d98962f990f5f49e511033793e2d65)] -> xpath: //h5[normalize-space()='System Users']]
2023-05-23 12:05:116 INFO  HomePage :81 - Clicking on admin tab : [[ChromeDriver: chrome on WINDOWS (31d98962f990f5f49e511033793e2d65)] -> xpath: //li[1]//a[1]//span[1]]
2023-05-23 12:05:396 INFO  ViewSystemUserUsersPage :98 - Getting system users text : [[ChromeDriver: chrome on WINDOWS (31d98962f990f5f49e511033793e2d65)] -> xpath: //h5[normalize-space()='System Users']]
2023-05-23 12:05:50 INFO  ViewSystemUserUsersPage :105 - Entering username : [[ChromeDriver: chrome on WINDOWS (31d98962f990f5f49e511033793e2d65)] -> xpath: (//input[@class='oxd-input oxd-input--active'])[2]]
2023-05-23 12:05:285 INFO  ViewSystemUserUsersPage :112 - Clicking on user roll dropdown : [[ChromeDriver: chrome on WINDOWS (31d98962f990f5f49e511033793e2d65)] -> xpath: (//div[@class='oxd-select-text-input'][text()='-- Select --'])[1]]
2023-05-23 12:05:717 INFO  ViewSystemUserUsersPage :129 - Clicking on search button : [[ChromeDriver: chrome on WINDOWS (31d98962f990f5f49e511033793e2d65)] -> xpath: //button[normalize-space()='Search']]
2023-05-23 12:05:861 INFO  HomePage :81 - Clicking on admin tab : [[ChromeDriver: chrome on WINDOWS (ac9a59b6220e6049396007133a6bf4de)] -> xpath: //li[1]//a[1]//span[1]]
2023-05-23 12:05:177 INFO  ViewSystemUserUsersPage :98 - Getting system users text : [[ChromeDriver: chrome on WINDOWS (ac9a59b6220e6049396007133a6bf4de)] -> xpath: //h5[normalize-space()='System Users']]
2023-05-23 12:05:843 INFO  HomePage :81 - Clicking on admin tab : [[ChromeDriver: chrome on WINDOWS (ac9a59b6220e6049396007133a6bf4de)] -> xpath: //li[1]//a[1]//span[1]]
2023-05-23 12:05:69 INFO  ViewSystemUserUsersPage :98 - Getting system users text : [[ChromeDriver: chrome on WINDOWS (ac9a59b6220e6049396007133a6bf4de)] -> xpath: //h5[normalize-space()='System Users']]
2023-05-23 12:05:212 INFO  ViewSystemUserUsersPage :105 - Entering username : [[ChromeDriver: chrome on WINDOWS (ac9a59b6220e6049396007133a6bf4de)] -> xpath: (//input[@class='oxd-input oxd-input--active'])[2]]
2023-05-23 12:05:405 INFO  ViewSystemUserUsersPage :112 - Clicking on user roll dropdown : [[ChromeDriver: chrome on WINDOWS (ac9a59b6220e6049396007133a6bf4de)] -> xpath: (//div[@class='oxd-select-text-input'][text()='-- Select --'])[1]]
2023-05-23 12:05:761 INFO  ViewSystemUserUsersPage :129 - Clicking on search button : [[ChromeDriver: chrome on WINDOWS (ac9a59b6220e6049396007133a6bf4de)] -> xpath: //button[normalize-space()='Search']]
2023-05-23 12:05:499 INFO  HomePage :81 - Clicking on admin tab : [[ChromeDriver: chrome on WINDOWS (158a901273cb064bc29e3c2880ff6b5b)] -> xpath: //li[1]//a[1]//span[1]]
2023-05-23 12:05:819 INFO  ViewSystemUserUsersPage :98 - Getting system users text : [[ChromeDriver: chrome on WINDOWS (158a901273cb064bc29e3c2880ff6b5b)] -> xpath: //h5[normalize-space()='System Users']]
2023-05-23 12:05:724 INFO  HomePage :81 - Clicking on admin tab : [[ChromeDriver: chrome on WINDOWS (158a901273cb064bc29e3c2880ff6b5b)] -> xpath: //li[1]//a[1]//span[1]]
2023-05-23 12:05:163 INFO  ViewSystemUserUsersPage :98 - Getting system users text : [[ChromeDriver: chrome on WINDOWS (158a901273cb064bc29e3c2880ff6b5b)] -> xpath: //h5[normalize-space()='System Users']]
2023-05-23 12:05:310 INFO  ViewSystemUserUsersPage :105 - Entering username : [[ChromeDriver: chrome on WINDOWS (158a901273cb064bc29e3c2880ff6b5b)] -> xpath: (//input[@class='oxd-input oxd-input--active'])[2]]
2023-05-23 12:05:425 INFO  ViewSystemUserUsersPage :112 - Clicking on user roll dropdown : [[ChromeDriver: chrome on WINDOWS (158a901273cb064bc29e3c2880ff6b5b)] -> xpath: (//div[@class='oxd-select-text-input'][text()='-- Select --'])[1]]
2023-05-23 12:05:789 INFO  ViewSystemUserUsersPage :129 - Clicking on search button : [[ChromeDriver: chrome on WINDOWS (158a901273cb064bc29e3c2880ff6b5b)] -> xpath: //button[normalize-space()='Search']]
2023-05-23 12:05:19 INFO  HomePage :81 - Clicking on admin tab : [[ChromeDriver: chrome on WINDOWS (7a83ca391f9587415553f2a0b49ba455)] -> xpath: //li[1]//a[1]//span[1]]
2023-05-23 12:05:597 INFO  ViewSystemUserUsersPage :98 - Getting system users text : [[ChromeDriver: chrome on WINDOWS (7a83ca391f9587415553f2a0b49ba455)] -> xpath: //h5[normalize-space()='System Users']]
2023-05-23 12:05:112 INFO  HomePage :81 - Clicking on admin tab : [[ChromeDriver: chrome on WINDOWS (7a83ca391f9587415553f2a0b49ba455)] -> xpath: //li[1]//a[1]//span[1]]
2023-05-23 12:05:330 INFO  ViewSystemUserUsersPage :98 - Getting system users text : [[ChromeDriver: chrome on WINDOWS (7a83ca391f9587415553f2a0b49ba455)] -> xpath: //h5[normalize-space()='System Users']]
2023-05-23 12:05:432 INFO  ViewSystemUserUsersPage :105 - Entering username : [[ChromeDriver: chrome on WINDOWS (7a83ca391f9587415553f2a0b49ba455)] -> xpath: (//input[@class='oxd-input oxd-input--active'])[2]]
2023-05-23 12:05:532 INFO  ViewSystemUserUsersPage :112 - Clicking on user roll dropdown : [[ChromeDriver: chrome on WINDOWS (7a83ca391f9587415553f2a0b49ba455)] -> xpath: (//div[@class='oxd-select-text-input'][text()='-- Select --'])[1]]
2023-05-23 12:05:10 INFO  ViewSystemUserUsersPage :129 - Clicking on search button : [[ChromeDriver: chrome on WINDOWS (7a83ca391f9587415553f2a0b49ba455)] -> xpath: //button[normalize-space()='Search']]
2023-05-23 12:05:108 INFO  HomePage :81 - Clicking on admin tab : [[ChromeDriver: chrome on WINDOWS (0dc0297fac7a83396575edc6f148fb8c)] -> xpath: //li[1]//a[1]//span[1]]
2023-05-23 12:05:433 INFO  ViewSystemUserUsersPage :98 - Getting system users text : [[ChromeDriver: chrome on WINDOWS (0dc0297fac7a83396575edc6f148fb8c)] -> xpath: //h5[normalize-space()='System Users']]
2023-05-23 12:05:955 INFO  HomePage :81 - Clicking on admin tab : [[ChromeDriver: chrome on WINDOWS (0dc0297fac7a83396575edc6f148fb8c)] -> xpath: //li[1]//a[1]//span[1]]
2023-05-23 12:05:171 INFO  ViewSystemUserUsersPage :98 - Getting system users text : [[ChromeDriver: chrome on WINDOWS (0dc0297fac7a83396575edc6f148fb8c)] -> xpath: //h5[normalize-space()='System Users']]
2023-05-23 12:05:300 INFO  ViewSystemUserUsersPage :105 - Entering username : [[ChromeDriver: chrome on WINDOWS (0dc0297fac7a83396575edc6f148fb8c)] -> xpath: (//input[@class='oxd-input oxd-input--active'])[2]]
2023-05-23 12:05:649 INFO  ViewSystemUserUsersPage :129 - Clicking on search button : [[ChromeDriver: chrome on WINDOWS (0dc0297fac7a83396575edc6f148fb8c)] -> xpath: //button[normalize-space()='Search']]
2023-05-23 12:05:621 INFO  HomePage :81 - Clicking on admin tab : [[ChromeDriver: chrome on WINDOWS (a38fd9fd59f205b520d8b093c9d52a58)] -> xpath: //li[1]//a[1]//span[1]]
2023-05-23 12:05:999 INFO  ViewSystemUserUsersPage :98 - Getting system users text : [[ChromeDriver: chrome on WINDOWS (a38fd9fd59f205b520d8b093c9d52a58)] -> xpath: //h5[normalize-space()='System Users']]
2023-05-23 12:05:595 INFO  HomePage :81 - Clicking on admin tab : [[ChromeDriver: chrome on WINDOWS (a38fd9fd59f205b520d8b093c9d52a58)] -> xpath: //li[1]//a[1]//span[1]]
2023-05-23 12:05:817 INFO  ViewSystemUserUsersPage :98 - Getting system users text : [[ChromeDriver: chrome on WINDOWS (a38fd9fd59f205b520d8b093c9d52a58)] -> xpath: //h5[normalize-space()='System Users']]
2023-05-23 12:05:955 INFO  ViewSystemUserUsersPage :105 - Entering username : [[ChromeDriver: chrome on WINDOWS (a38fd9fd59f205b520d8b093c9d52a58)] -> xpath: (//input[@class='oxd-input oxd-input--active'])[2]]
2023-05-23 12:05:202 INFO  ViewSystemUserUsersPage :112 - Clicking on user roll dropdown : [[ChromeDriver: chrome on WINDOWS (a38fd9fd59f205b520d8b093c9d52a58)] -> xpath: (//div[@class='oxd-select-text-input'][text()='-- Select --'])[1]]
2023-05-23 12:05:472 INFO  ViewSystemUserUsersPage :129 - Clicking on search button : [[ChromeDriver: chrome on WINDOWS (a38fd9fd59f205b520d8b093c9d52a58)] -> xpath: //button[normalize-space()='Search']]
2023-05-23 13:05:372 INFO  HomePage :81 - Clicking on admin tab : [[ChromeDriver: chrome on WINDOWS (9d61c511480fd5cc5f3685d6d91f60fd)] -> xpath: //li[1]//a[1]//span[1]]
2023-05-23 13:05:817 INFO  ViewSystemUserUsersPage :98 - Getting system users text : [[ChromeDriver: chrome on WINDOWS (9d61c511480fd5cc5f3685d6d91f60fd)] -> xpath: //h5[normalize-space()='System Users']]
2023-05-23 13:05:985 INFO  ViewSystemUserUsersPage :105 - Entering username : [[ChromeDriver: chrome on WINDOWS (9d61c511480fd5cc5f3685d6d91f60fd)] -> xpath: (//input[@class='oxd-input oxd-input--active'])[2]]
2023-05-23 13:05:254 INFO  ViewSystemUserUsersPage :112 - Clicking on user roll dropdown : [[ChromeDriver: chrome on WINDOWS (9d61c511480fd5cc5f3685d6d91f60fd)] -> xpath: (//div[@class='oxd-select-text-input'][text()='-- Select --'])[1]]
2023-05-23 13:05:446 INFO  ViewSystemUserUsersPage :129 - Clicking on search button : [[ChromeDriver: chrome on WINDOWS (9d61c511480fd5cc5f3685d6d91f60fd)] -> xpath: //button[normalize-space()='Search']]
2023-05-23 13:05:508 INFO  HomePage :81 - Clicking on admin tab : [[ChromeDriver: chrome on WINDOWS (c3e31f3c0061f1ecf404f791c62327a9)] -> xpath: //li[1]//a[1]//span[1]]
2023-05-23 13:05:945 INFO  ViewSystemUserUsersPage :98 - Getting system users text : [[ChromeDriver: chrome on WINDOWS (c3e31f3c0061f1ecf404f791c62327a9)] -> xpath: //h5[normalize-space()='System Users']]
2023-05-23 13:05:483 INFO  ViewSystemUserUsersPage :141 - Clicking on add button : [[ChromeDriver: chrome on WINDOWS (c3e31f3c0061f1ecf404f791c62327a9)] -> xpath: //button[normalize-space()='Add']]
2023-05-23 13:05:352 INFO  AddUserPage :93 - Entering username : [[ChromeDriver: chrome on WINDOWS (c3e31f3c0061f1ecf404f791c62327a9)] -> xpath: (//input[@class='oxd-input oxd-input--active'])[2]]
2023-05-23 13:05:422 INFO  AddUserPage :101 - Entering password : [[ChromeDriver: chrome on WINDOWS (c3e31f3c0061f1ecf404f791c62327a9)] -> xpath: //div[@class='oxd-grid-item oxd-grid-item--gutters user-password-cell']//div[@class='oxd-input-group oxd-input-field-bottom-space']//div//input[@type='password']]
2023-05-23 13:05:528 INFO  AddUserPage :107 - Entering confirm password : [[ChromeDriver: chrome on WINDOWS (c3e31f3c0061f1ecf404f791c62327a9)] -> xpath: //div[@class='oxd-grid-item oxd-grid-item--gutters']//div[@class='oxd-input-group oxd-input-field-bottom-space']//div//input[@type='password']]
2023-05-23 13:05:587 INFO  AddUserPage :113 - Clicking on save button : [[ChromeDriver: chrome on WINDOWS (c3e31f3c0061f1ecf404f791c62327a9)] -> xpath: //button[normalize-space()='Save']]
2023-05-23 14:05:29 INFO  HomePage :81 - Clicking on admin tab : [[ChromeDriver: chrome on WINDOWS (ea59c919d7bfad4eea28863dccf0c0be)] -> xpath: //li[1]//a[1]//span[1]]
2023-05-23 14:05:527 INFO  ViewSystemUserUsersPage :98 - Getting system users text : [[ChromeDriver: chrome on WINDOWS (ea59c919d7bfad4eea28863dccf0c0be)] -> xpath: //h5[normalize-space()='System Users']]
2023-05-23 14:05:107 INFO  HomePage :81 - Clicking on admin tab : [[ChromeDriver: chrome on WINDOWS (ea59c919d7bfad4eea28863dccf0c0be)] -> xpath: //li[1]//a[1]//span[1]]
2023-05-23 14:05:278 INFO  ViewSystemUserUsersPage :98 - Getting system users text : [[ChromeDriver: chrome on WINDOWS (ea59c919d7bfad4eea28863dccf0c0be)] -> xpath: //h5[normalize-space()='System Users']]
2023-05-23 14:05:407 INFO  ViewSystemUserUsersPage :105 - Entering username : [[ChromeDriver: chrome on WINDOWS (ea59c919d7bfad4eea28863dccf0c0be)] -> xpath: (//input[@class='oxd-input oxd-input--active'])[2]]
2023-05-23 14:05:757 INFO  ViewSystemUserUsersPage :129 - Clicking on search button : [[ChromeDriver: chrome on WINDOWS (ea59c919d7bfad4eea28863dccf0c0be)] -> xpath: //button[normalize-space()='Search']]
2023-05-23 15:05:156 INFO  HomePage :81 - Clicking on admin tab : [[ChromeDriver: chrome on WINDOWS (711c3704e763ab0079ee4a87696b59be)] -> xpath: //li[1]//a[1]//span[1]]
2023-05-23 15:05:441 INFO  ViewSystemUserUsersPage :98 - Getting system users text : [[ChromeDriver: chrome on WINDOWS (711c3704e763ab0079ee4a87696b59be)] -> xpath: //h5[normalize-space()='System Users']]
2023-05-23 15:05:871 INFO  ViewSystemUserUsersPage :141 - Clicking on add button : [[ChromeDriver: chrome on WINDOWS (711c3704e763ab0079ee4a87696b59be)] -> xpath: //button[normalize-space()='Add']]
2023-05-23 15:05:701 INFO  HomePage :81 - Clicking on admin tab : [[ChromeDriver: chrome on WINDOWS (e2cadc3e8aea15d8dcaae1e3eefca6d2)] -> xpath: //li[1]//a[1]//span[1]]
2023-05-23 15:05:147 INFO  ViewSystemUserUsersPage :98 - Getting system users text : [[ChromeDriver: chrome on WINDOWS (e2cadc3e8aea15d8dcaae1e3eefca6d2)] -> xpath: //h5[normalize-space()='System Users']]
2023-05-23 15:05:621 INFO  ViewSystemUserUsersPage :141 - Clicking on add button : [[ChromeDriver: chrome on WINDOWS (e2cadc3e8aea15d8dcaae1e3eefca6d2)] -> xpath: //button[normalize-space()='Add']]
2023-05-23 15:05:367 INFO  HomePage :81 - Clicking on admin tab : [[ChromeDriver: chrome on WINDOWS (e1084a06922a79d2744ca38967dd74f9)] -> xpath: //li[1]//a[1]//span[1]]
2023-05-23 15:05:692 INFO  ViewSystemUserUsersPage :98 - Getting system users text : [[ChromeDriver: chrome on WINDOWS (e1084a06922a79d2744ca38967dd74f9)] -> xpath: //h5[normalize-space()='System Users']]
2023-05-23 15:05:61 INFO  ViewSystemUserUsersPage :141 - Clicking on add button : [[ChromeDriver: chrome on WINDOWS (e1084a06922a79d2744ca38967dd74f9)] -> xpath: //button[normalize-space()='Add']]
2023-05-23 15:05:40 INFO  HomePage :81 - Clicking on admin tab : [[ChromeDriver: chrome on WINDOWS (0ffb6d6bda3d7ee13fdd7e601097f211)] -> xpath: //li[1]//a[1]//span[1]]
2023-05-23 15:05:360 INFO  ViewSystemUserUsersPage :98 - Getting system users text : [[ChromeDriver: chrome on WINDOWS (0ffb6d6bda3d7ee13fdd7e601097f211)] -> xpath: //h5[normalize-space()='System Users']]
2023-05-23 15:05:866 INFO  HomePage :81 - Clicking on admin tab : [[ChromeDriver: chrome on WINDOWS (0ffb6d6bda3d7ee13fdd7e601097f211)] -> xpath: //li[1]//a[1]//span[1]]
2023-05-23 15:05:67 INFO  ViewSystemUserUsersPage :98 - Getting system users text : [[ChromeDriver: chrome on WINDOWS (0ffb6d6bda3d7ee13fdd7e601097f211)] -> xpath: //h5[normalize-space()='System Users']]
2023-05-23 15:05:205 INFO  ViewSystemUserUsersPage :105 - Entering username : [[ChromeDriver: chrome on WINDOWS (0ffb6d6bda3d7ee13fdd7e601097f211)] -> xpath: (//input[@class='oxd-input oxd-input--active'])[2]]
2023-05-23 15:05:448 INFO  ViewSystemUserUsersPage :129 - Clicking on search button : [[ChromeDriver: chrome on WINDOWS (0ffb6d6bda3d7ee13fdd7e601097f211)] -> xpath: //button[normalize-space()='Search']]
2023-05-23 15:05:873 INFO  HomePage :81 - Clicking on admin tab : [[ChromeDriver: chrome on WINDOWS (8e5c705e2d25973bc10cd693b229a9b3)] -> xpath: //li[1]//a[1]//span[1]]
2023-05-23 15:05:297 INFO  ViewSystemUserUsersPage :98 - Getting system users text : [[ChromeDriver: chrome on WINDOWS (8e5c705e2d25973bc10cd693b229a9b3)] -> xpath: //h5[normalize-space()='System Users']]
2023-05-23 15:05:438 INFO  ViewSystemUserUsersPage :105 - Entering username : [[ChromeDriver: chrome on WINDOWS (8e5c705e2d25973bc10cd693b229a9b3)] -> xpath: (//input[@class='oxd-input oxd-input--active'])[2]]
2023-05-23 15:05:600 INFO  ViewSystemUserUsersPage :112 - Clicking on user roll dropdown : [[ChromeDriver: chrome on WINDOWS (8e5c705e2d25973bc10cd693b229a9b3)] -> xpath: (//div[@class='oxd-select-text-input'][text()='-- Select --'])[1]]
